<?xml version="1.0" encoding="UTF-8"?>
<!-- Generated by org.testng.reporters.JUnitXMLReporter -->
<testsuite ignored="0" hostname="LAPTOP-8KDEM45I" failures="1" tests="2" name="Test" time="3.735" errors="0" timestamp="2025-05-05T22:53:37 IST">
  <testcase classname="io.cucumber.testng.AbstractTestNGCucumberTests" name="runScenario" time="2.37"/>
  <testcase classname="io.cucumber.testng.AbstractTestNGCucumberTests" name="runScenario" time="0.849">
    <failure type="java.lang.AssertionError" message="Assertion fail - product not added properly: Iterators differ at element [4]: &amp;quot;https://fakestoreapi.com/img/51eg55uWmdL._AC_UX679_.jpg&amp;quot; != &amp;quot;women&amp;apos;s clothing&amp;quot; expected [&amp;quot;https://fakestoreapi.com/img/51eg55uWmdL._AC_UX679_.jpg&amp;quot;] but found [&amp;quot;women&amp;apos;s clothing&amp;quot;]">
      <![CDATA[java.lang.AssertionError: Assertion fail - product not added properly: Iterators differ at element [4]: "https://fakestoreapi.com/img/51eg55uWmdL._AC_UX679_.jpg" != "women's clothing" expected ["https://fakestoreapi.com/img/51eg55uWmdL._AC_UX679_.jpg"] but found ["women's clothing"]
at stepDefinitions.postProduct_steps.response_should_matches_the_expected_product_from(postProduct_steps.java:50)
at ✽.response should matches the expected product from "newProduct.json"(file:///C:/Users/Shreeharsh/git/repository/FakeStoreAPI/src/test/resources/features/postProduct.feature:7)
... Removed 5 stack frames]]>
    </failure>
  </testcase> <!-- runScenario -->
</testsuite> <!-- Test -->
